<?xml version="1.0" encoding="UTF-8"?>
<!-- Generated by org.testng.reporters.JUnitXMLReporter -->
<testsuite hostname="praveen.cignitiglobal.com" name="Login to CRM" tests="2" failures="0" timestamp="25 Jul 2019 09:34:58 GMT" time="0.307" errors="0">
  <testcase name="runScenario" time="0.151" classname="cigniti.runner.WebRunner">
    <skipped/>
  </testcase> <!-- runScenario -->
  <testcase name="runScenario" time="0.151" classname="cigniti.runner.WebRunner">
    <skipped/>
  </testcase> <!-- runScenario -->
</testsuite> <!-- Login to CRM -->
